<?xml version="1.0" encoding="UTF-8"?>
<!-- Generated by org.testng.reporters.JUnitXMLReporter -->
<testsuite ignored="0" hostname="DESKTOP-MCVP6TO" failures="0" tests="5" name="Surefire test" time="0.034" errors="0" timestamp="2024-01-28T14:23:30 EET">
  <testcase classname="testNG.DataProviderTest" name="addTest" time="0.005"/>
  <testcase classname="testNG.DataProviderTest" name="addTest" time="0.0"/>
  <testcase classname="testNG.DataProviderTest" name="addTest" time="0.0"/>
  <testcase classname="testNG.DataProviderTest" name="addTest" time="0.0"/>
  <testcase classname="testNG.DataProviderTest" name="addTest" time="0.0"/>
</testsuite> <!-- Surefire test -->
