<?xml version="1.0" encoding="UTF-8"?>
<testng-results ignored="0" total="5" passed="5" failed="0" skipped="0">
  <reporter-output>
  </reporter-output>
  <suite started-at="2024-01-28T14:23:29 EET" name="Surefire suite" finished-at="2024-01-28T14:23:30 EET" duration-ms="34">
    <groups>
    </groups>
    <test started-at="2024-01-28T14:23:29 EET" name="Surefire test" finished-at="2024-01-28T14:23:30 EET" duration-ms="34">
      <class name="testNG.DataProviderTest">
        <test-method signature="addTest(int,int,int)[pri:0, instance:testNG.DataProviderTest@6b419da]" started-at="2024-01-28T14:23:30 EET" name="addTest" data-provider="data" finished-at="2024-01-28T14:23:30 EET" duration-ms="5" status="PASS">
          <params>
            <param index="0">
              <value>
                <![CDATA[1]]>
              </value>
            </param>
            <param index="1">
              <value>
                <![CDATA[2]]>
              </value>
            </param>
            <param index="2">
              <value>
                <![CDATA[3]]>
              </value>
            </param>
          </params>
          <reporter-output>
          </reporter-output>
        </test-method> <!-- addTest -->
        <test-method signature="addTest(int,int,int)[pri:0, instance:testNG.DataProviderTest@6b419da]" started-at="2024-01-28T14:23:30 EET" name="addTest" data-provider="data" finished-at="2024-01-28T14:23:30 EET" duration-ms="0" status="PASS">
          <params>
            <param index="0">
              <value>
                <![CDATA[3]]>
              </value>
            </param>
            <param index="1">
              <value>
                <![CDATA[4]]>
              </value>
            </param>
            <param index="2">
              <value>
                <![CDATA[7]]>
              </value>
            </param>
          </params>
          <reporter-output>
          </reporter-output>
        </test-method> <!-- addTest -->
        <test-method signature="addTest(int,int,int)[pri:0, instance:testNG.DataProviderTest@6b419da]" started-at="2024-01-28T14:23:30 EET" name="addTest" data-provider="data" finished-at="2024-01-28T14:23:30 EET" duration-ms="0" status="PASS">
          <params>
            <param index="0">
              <value>
                <![CDATA[5]]>
              </value>
            </param>
            <param index="1">
              <value>
                <![CDATA[6]]>
              </value>
            </param>
            <param index="2">
              <value>
                <![CDATA[11]]>
              </value>
            </param>
          </params>
          <reporter-output>
          </reporter-output>
        </test-method> <!-- addTest -->
        <test-method signature="addTest(int,int,int)[pri:0, instance:testNG.DataProviderTest@6b419da]" started-at="2024-01-28T14:23:30 EET" name="addTest" data-provider="data" finished-at="2024-01-28T14:23:30 EET" duration-ms="0" status="PASS">
          <params>
            <param index="0">
              <value>
                <![CDATA[5]]>
              </value>
            </param>
            <param index="1">
              <value>
                <![CDATA[6]]>
              </value>
            </param>
            <param index="2">
              <value>
                <![CDATA[11]]>
              </value>
            </param>
          </params>
          <reporter-output>
          </reporter-output>
        </test-method> <!-- addTest -->
        <test-method signature="addTest(int,int,int)[pri:0, instance:testNG.DataProviderTest@6b419da]" started-at="2024-01-28T14:23:30 EET" name="addTest" data-provider="data" finished-at="2024-01-28T14:23:30 EET" duration-ms="0" status="PASS">
          <params>
            <param index="0">
              <value>
                <![CDATA[5]]>
              </value>
            </param>
            <param index="1">
              <value>
                <![CDATA[6]]>
              </value>
            </param>
            <param index="2">
              <value>
                <![CDATA[11]]>
              </value>
            </param>
          </params>
          <reporter-output>
          </reporter-output>
        </test-method> <!-- addTest -->
      </class> <!-- testNG.DataProviderTest -->
    </test> <!-- Surefire test -->
  </suite> <!-- Surefire suite -->
</testng-results>
