<?xml version="1.0" encoding="UTF-8"?>
<testsuite xmlns:xsi="http://www.w3.org/2001/XMLSchema-instance" xsi:noNamespaceSchemaLocation="https://maven.apache.org/surefire/maven-surefire-plugin/xsd/surefire-test-report-3.0.xsd" version="3.0" name="TestSuite" time="1.137" tests="24" errors="0" skipped="0" failures="0">
  <properties>
[...]
</properties>
  <testcase name="getCoverPhotos" classname="apiTesting.CoverPhotosApiTest" time="0.546">
    <system-out><![CDATA[TestClassHomeWork1 :: Test Before Suit @ main
TestClassHomeWork2 :: Test Before Suit @ main
TestClassHomeWork3 :: Test Before Suit @ main
]]></system-out>
    <system-err><![CDATA[SLF4J: Failed to load class "org.slf4j.impl.StaticLoggerBinder".
SLF4J: Defaulting to no-operation (NOP) logger implementation
SLF4J: See http://www.slf4j.org/codes.html#StaticLoggerBinder for further details.
]]></system-err>
  </testcase>
  <testcase name="putCoverPhotos" classname="apiTesting.CoverPhotosApiTest" time="0.044">
    <system-out><![CDATA[apiTesting.CoverPhotosApiTest.putCoverPhotos(CoverPhotosApiTest.java:60) @ main
]]></system-out>
  </testcase>
  <testcase name="createJson" classname="apiTesting.JasonObjectTest" time="0.004">
    <system-out><![CDATA[{"age":40}
]]></system-out>
  </testcase>
  <testcase name="parseJson" classname="apiTesting.JasonObjectTest" time="0.002">
    <system-out><![CDATA[{"address":{"country":"United Kingdom","city":"London","street":"Main Street"},"hobbies":["reading","writing","coding"],"name":"John Doe","age":30}
30
]]></system-out>
  </testcase>
  <testcase name="addTest[1, 2, 3](1)" classname="testNG.DataProviderTest" time="0.001"/>
  <testcase name="addTest[3, 4, 7](2)" classname="testNG.DataProviderTest" time="0"/>
  <testcase name="addTest[5, 6, 11](3)" classname="testNG.DataProviderTest" time="0"/>
  <testcase name="addTest[5, 6, 11](4)" classname="testNG.DataProviderTest" time="0"/>
  <testcase name="addTest[5, 6, 11](5)" classname="testNG.DataProviderTest" time="0"/>
  <testcase name="firstTest" classname="testNG.TestClassHomeWork1" time="0">
    <system-out><![CDATA[TestClassHomeWork1 :: Test Before Class @ main
It is Test Number 1 @ main
]]></system-out>
  </testcase>
  <testcase name="secondTest" classname="testNG.TestClassHomeWork1" time="0.002">
    <system-out><![CDATA[It is Test Number 2 @ main
]]></system-out>
  </testcase>
  <testcase name="thirdTest" classname="testNG.TestClassHomeWork1" time="0">
    <system-out><![CDATA[It is Test Number 3 @ main
]]></system-out>
  </testcase>
  <testcase name="fourthTest" classname="testNG.TestClassHomeWork1" time="0">
    <system-out><![CDATA[It is Test Number 4 @ main
]]></system-out>
  </testcase>
  <testcase name="fifthTest" classname="testNG.TestClassHomeWork1" time="0.001">
    <system-out><![CDATA[It is Test Number 5 @ main
]]></system-out>
  </testcase>
  <testcase name="fifthTest" classname="testNG.TestClassHomeWork2" time="0">
    <system-out><![CDATA[TestClassHomeWork1 :: Test After Class @ main
TestClassHomeWork2 :: Test Before Class @ main
It is Test Number 10 @ main
]]></system-out>
  </testcase>
  <testcase name="firstTest" classname="testNG.TestClassHomeWork2" time="0">
    <system-out><![CDATA[It is Test Number 6 @ main
]]></system-out>
  </testcase>
  <testcase name="fourthTest" classname="testNG.TestClassHomeWork2" time="0.001">
    <system-out><![CDATA[It is Test Number 9 @ main
]]></system-out>
  </testcase>
  <testcase name="secondTest" classname="testNG.TestClassHomeWork2" time="0.001">
    <system-out><![CDATA[It is Test Number 7 @ main
]]></system-out>
  </testcase>
  <testcase name="thirdTest" classname="testNG.TestClassHomeWork2" time="0.001">
    <system-out><![CDATA[It is Test Number 8 @ main
]]></system-out>
  </testcase>
  <testcase name="fifthTest" classname="testNG.TestClassHomeWork3" time="0">
    <system-out><![CDATA[TestClassHomeWork2 :: Test After Class @ main
TestClassHomeWork3 :: Test Before Class @ main
It is Test Number 15 @ main
]]></system-out>
  </testcase>
  <testcase name="firstTest" classname="testNG.TestClassHomeWork3" time="0.001">
    <system-out><![CDATA[It is Test Number 11 @ main
]]></system-out>
  </testcase>
  <testcase name="fourthTest" classname="testNG.TestClassHomeWork3" time="0.001">
    <system-out><![CDATA[It is Test Number 14 @ main
]]></system-out>
  </testcase>
  <testcase name="secondTest" classname="testNG.TestClassHomeWork3" time="0">
    <system-out><![CDATA[It is Test Number 12 @ main
]]></system-out>
  </testcase>
  <testcase name="thirdTest" classname="testNG.TestClassHomeWork3" time="0">
    <system-out><![CDATA[It is Test Number 13 @ main
]]></system-out>
  </testcase>
</testsuite>